<?xml version="1.0" encoding="UTF-8"?>
<!-- Generated by org.testng.reporters.JUnitXMLReporter -->
<testsuite ignored="0" hostname="LTIN215773" failures="1" tests="14" name="Test" time="114.636" errors="0" timestamp="2024-03-01T14:47:35 IST">
  <testcase classname="TestCases.TC_1_UpcomingBikes" name="verifyHomeTitle" time="0.889"/>
  <testcase classname="TestCases.TC_1_UpcomingBikes" name="hoverOnNewBikes" time="0.399"/>
  <testcase classname="TestCases.TC_1_UpcomingBikes" name="verifyUpcomingBikeOption" time="0.376"/>
  <testcase classname="TestCases.TC_1_UpcomingBikes" name="ClickOnUpcomingBikes" time="1.928"/>
  <testcase classname="TestCases.TC_1_UpcomingBikes" name="verifyUpcomingBikePageTitle" time="0.467"/>
  <testcase classname="TestCases.TC_1_UpcomingBikes" name="clickOnManufacturers" time="3.617"/>
  <testcase classname="TestCases.TC_1_UpcomingBikes" name="verifyHondaSelected" time="1.792">
    <failure type="java.lang.AssertionError" message="expected [Honda Upcoming Bikes in India in India 2024-25, Check Price, Launch Date, Specs @ ZigWheels] but found [Honda Upcoming Bikes in India - Check Price, Launch Date, Images and Latest News]">
      <![CDATA[java.lang.AssertionError: expected [Honda Upcoming Bikes in India in India 2024-25, Check Price, Launch Date, Specs @ ZigWheels] but found [Honda Upcoming Bikes in India - Check Price, Launch Date, Images and Latest News]
at TestCases.TC_1_UpcomingBikes.verifyHondaSelected(TC_1_UpcomingBikes.java:92)
at java.base/java.util.ArrayList.forEach(ArrayList.java:1511)
... Removed 37 stack frames]]>
    </failure>
  </testcase> <!-- verifyHondaSelected -->
  <testcase classname="TestCases.TC_1_UpcomingBikes" name="bikesBelow4Lakhs" time="11.427"/>
  <testcase classname="TestCases.TC_3_usedCars" name="usedCars" time="6.735"/>
  <testcase classname="TestCases.TC_3_usedCars" name="popularModel" time="1.837"/>
  <testcase classname="TestCases.TC_2_LoginPage" name="loginPage" time="3.153"/>
  <testcase classname="TestCases.TC_2_LoginPage" name="redirectToLoginPage" time="0.223"/>
  <testcase classname="TestCases.TC_2_LoginPage" name="loginDetails" time="1.685"/>
  <testcase classname="TestCases.TC_2_LoginPage" name="errorMsg" time="0.241"/>
</testsuite> <!-- Test -->
