<html>
<head>
<title>TestNG:  Test</title>
<link href="../testng.css" rel="stylesheet" type="text/css" />
<link href="../my-testng.css" rel="stylesheet" type="text/css" />

<style type="text/css">
.log { display: none;} 
.stack-trace { display: none;} 
</style>
<script type="text/javascript">
<!--
function flip(e) {
  current = e.style.display;
  if (current == 'block') {
    e.style.display = 'none';
    return 0;
  }
  else {
    e.style.display = 'block';
    return 1;
  }
}

function toggleBox(szDivId, elem, msg1, msg2)
{
  var res = -1;  if (document.getElementById) {
    res = flip(document.getElementById(szDivId));
  }
  else if (document.all) {
    // this is the way old msie versions work
    res = flip(document.all[szDivId]);
  }
  if(elem) {
    if(res == 0) elem.innerHTML = msg1; else elem.innerHTML = msg2;
  }

}

function toggleAllBoxes() {
  if (document.getElementsByTagName) {
    d = document.getElementsByTagName('div');
    for (i = 0; i < d.length; i++) {
      if (d[i].className == 'log') {
        flip(d[i]);
      }
    }
  }
}

// -->
</script>

</head>
<body>
<h2 align='center'>Test</h2><table border='1' align="center">
<tr>
<td>Tests passed/Failed/Skipped:</td><td>13/1/0</td>
</tr><tr>
<td>Started on:</td><td>Fri Mar 01 14:45:27 IST 2024</td>
</tr>
<tr><td>Total time:</td><td>114 seconds (114636 ms)</td>
</tr><tr>
<td>Included groups:</td><td></td>
</tr><tr>
<td>Excluded groups:</td><td></td>
</tr>
</table><p/>
<small><i>(Hover the method name to see the test class name)</i></small><p/>
<table width='100%' border='1' class='invocation-failed'>
<tr><td colspan='4' align='center'><b>FAILED TESTS</b></td></tr>
<tr><td><b>Test method</b></td>
<td><b>Attribute(s)</b></td>
<td width="30%"><b>Exception</b></td>
<td width="10%"><b>Time (seconds)</b></td>
<td><b>Instance</b></td>
</tr>
<tr>
<td title='TestCases.TC_1_UpcomingBikes.verifyHondaSelected()'><b>verifyHondaSelected</b><br>Test class: TestCases.TC_1_UpcomingBikes</td>
<td><div><pre>java.lang.AssertionError: expected [Honda Upcoming Bikes in India in India 2024-25, Check Price, Launch Date, Specs @ ZigWheels] but found [Honda Upcoming Bikes in India - Check Price, Launch Date, Images and Latest News]
	at TestCases.TC_1_UpcomingBikes.verifyHondaSelected(TC_1_UpcomingBikes.java:92)
	at java.base/java.util.ArrayList.forEach(ArrayList.java:1511)
... Removed 37 stack frames</pre></div><a href='#' onClick='toggleBox("stack-trace1179244298", this, "Click to show all stack frames", "Click to hide stack frames")'>Click to show all stack frames</a>
<div class='stack-trace' id='stack-trace1179244298'><pre>java.lang.AssertionError: expected [Honda Upcoming Bikes in India in India 2024-25, Check Price, Launch Date, Specs @ ZigWheels] but found [Honda Upcoming Bikes in India - Check Price, Launch Date, Images and Latest News]
	at org.testng.Assert.fail(Assert.java:111)
	at org.testng.Assert.failNotEquals(Assert.java:1578)
	at org.testng.Assert.assertEqualsImpl(Assert.java:150)
	at org.testng.Assert.assertEquals(Assert.java:132)
	at org.testng.Assert.assertEquals(Assert.java:656)
	at org.testng.Assert.assertEquals(Assert.java:666)
	at TestCases.TC_1_UpcomingBikes.verifyHondaSelected(TC_1_UpcomingBikes.java:92)
	at java.base/jdk.internal.reflect.NativeMethodAccessorImpl.invoke0(Native Method)
	at java.base/jdk.internal.reflect.NativeMethodAccessorImpl.invoke(NativeMethodAccessorImpl.java:77)
	at java.base/jdk.internal.reflect.DelegatingMethodAccessorImpl.invoke(DelegatingMethodAccessorImpl.java:43)
	at java.base/java.lang.reflect.Method.invoke(Method.java:568)
	at org.testng.internal.invokers.MethodInvocationHelper.invokeMethod(MethodInvocationHelper.java:139)
	at org.testng.internal.invokers.TestInvoker.invokeMethod(TestInvoker.java:664)
	at org.testng.internal.invokers.TestInvoker.invokeTestMethod(TestInvoker.java:228)
	at org.testng.internal.invokers.MethodRunner.runInSequence(MethodRunner.java:63)
	at org.testng.internal.invokers.TestInvoker$MethodInvocationAgent.invoke(TestInvoker.java:961)
	at org.testng.internal.invokers.TestInvoker.invokeTestMethods(TestInvoker.java:201)
	at org.testng.internal.invokers.TestMethodWorker.invokeTestMethods(TestMethodWorker.java:148)
	at org.testng.internal.invokers.TestMethodWorker.run(TestMethodWorker.java:128)
	at java.base/java.util.ArrayList.forEach(ArrayList.java:1511)
	at org.testng.TestRunner.privateRun(TestRunner.java:819)
	at org.testng.TestRunner.run(TestRunner.java:619)
	at org.testng.SuiteRunner.runTest(SuiteRunner.java:443)
	at org.testng.SuiteRunner.runSequentially(SuiteRunner.java:437)
	at org.testng.SuiteRunner.privateRun(SuiteRunner.java:397)
	at org.testng.SuiteRunner.run(SuiteRunner.java:336)
	at org.testng.SuiteRunnerWorker.runSuite(SuiteRunnerWorker.java:52)
	at org.testng.SuiteRunnerWorker.run(SuiteRunnerWorker.java:95)
	at org.testng.TestNG.runSuitesSequentially(TestNG.java:1301)
	at org.testng.TestNG.runSuitesLocally(TestNG.java:1228)
	at org.testng.TestNG.runSuites(TestNG.java:1134)
	at org.testng.TestNG.run(TestNG.java:1101)
	at org.apache.maven.surefire.testng.TestNGExecutor.run(TestNGExecutor.java:308)
	at org.apache.maven.surefire.testng.TestNGXmlTestSuite.execute(TestNGXmlTestSuite.java:71)
	at org.apache.maven.surefire.testng.TestNGProvider.invoke(TestNGProvider.java:113)
	at org.apache.maven.surefire.booter.ForkedBooter.runSuitesInProcess(ForkedBooter.java:385)
	at org.apache.maven.surefire.booter.ForkedBooter.execute(ForkedBooter.java:162)
	at org.apache.maven.surefire.booter.ForkedBooter.run(ForkedBooter.java:507)
	at org.apache.maven.surefire.booter.ForkedBooter.main(ForkedBooter.java:495)
</pre></div></td>
<td>1</td>
<td>TestCases.TC_1_UpcomingBikes@7b2bbc3</td></tr>
</table><p>
<table width='100%' border='1' class='invocation-passed'>
<tr><td colspan='4' align='center'><b>PASSED TESTS</b></td></tr>
<tr><td><b>Test method</b></td>
<td><b>Attribute(s)</b></td>
<td width="30%"><b>Exception</b></td>
<td width="10%"><b>Time (seconds)</b></td>
<td><b>Instance</b></td>
</tr>
<tr>
<td title='TestCases.TC_2_LoginPage.redirectToLoginPage()'><b>redirectToLoginPage</b><br>Test class: TestCases.TC_2_LoginPage</td>
<td></td>
<td>0</td>
<td>TestCases.TC_2_LoginPage@76505305</td></tr>
<tr>
<td title='TestCases.TC_2_LoginPage.loginDetails()'><b>loginDetails</b><br>Test class: TestCases.TC_2_LoginPage</td>
<td></td>
<td>1</td>
<td>TestCases.TC_2_LoginPage@76505305</td></tr>
<tr>
<td title='TestCases.TC_2_LoginPage.loginPage()'><b>loginPage</b><br>Test class: TestCases.TC_2_LoginPage</td>
<td></td>
<td>3</td>
<td>TestCases.TC_2_LoginPage@76505305</td></tr>
<tr>
<td title='TestCases.TC_1_UpcomingBikes.hoverOnNewBikes()'><b>hoverOnNewBikes</b><br>Test class: TestCases.TC_1_UpcomingBikes</td>
<td></td>
<td>0</td>
<td>TestCases.TC_1_UpcomingBikes@7b2bbc3</td></tr>
<tr>
<td title='TestCases.TC_1_UpcomingBikes.verifyUpcomingBikePageTitle()'><b>verifyUpcomingBikePageTitle</b><br>Test class: TestCases.TC_1_UpcomingBikes</td>
<td></td>
<td>0</td>
<td>TestCases.TC_1_UpcomingBikes@7b2bbc3</td></tr>
<tr>
<td title='TestCases.TC_2_LoginPage.errorMsg()'><b>errorMsg</b><br>Test class: TestCases.TC_2_LoginPage</td>
<td></td>
<td>0</td>
<td>TestCases.TC_2_LoginPage@76505305</td></tr>
<tr>
<td title='TestCases.TC_1_UpcomingBikes.verifyHomeTitle()'><b>verifyHomeTitle</b><br>Test class: TestCases.TC_1_UpcomingBikes</td>
<td></td>
<td>0</td>
<td>TestCases.TC_1_UpcomingBikes@7b2bbc3</td></tr>
<tr>
<td title='TestCases.TC_3_usedCars.usedCars()'><b>usedCars</b><br>Test class: TestCases.TC_3_usedCars</td>
<td></td>
<td>6</td>
<td>TestCases.TC_3_usedCars@4218d6a3</td></tr>
<tr>
<td title='TestCases.TC_1_UpcomingBikes.verifyUpcomingBikeOption()'><b>verifyUpcomingBikeOption</b><br>Test class: TestCases.TC_1_UpcomingBikes</td>
<td></td>
<td>0</td>
<td>TestCases.TC_1_UpcomingBikes@7b2bbc3</td></tr>
<tr>
<td title='TestCases.TC_1_UpcomingBikes.ClickOnUpcomingBikes()'><b>ClickOnUpcomingBikes</b><br>Test class: TestCases.TC_1_UpcomingBikes</td>
<td></td>
<td>1</td>
<td>TestCases.TC_1_UpcomingBikes@7b2bbc3</td></tr>
<tr>
<td title='TestCases.TC_3_usedCars.popularModel()'><b>popularModel</b><br>Test class: TestCases.TC_3_usedCars</td>
<td></td>
<td>1</td>
<td>TestCases.TC_3_usedCars@4218d6a3</td></tr>
<tr>
<td title='TestCases.TC_1_UpcomingBikes.clickOnManufacturers()'><b>clickOnManufacturers</b><br>Test class: TestCases.TC_1_UpcomingBikes</td>
<td></td>
<td>3</td>
<td>TestCases.TC_1_UpcomingBikes@7b2bbc3</td></tr>
<tr>
<td title='TestCases.TC_1_UpcomingBikes.bikesBelow4Lakhs()'><b>bikesBelow4Lakhs</b><br>Test class: TestCases.TC_1_UpcomingBikes</td>
<td></td>
<td>11</td>
<td>TestCases.TC_1_UpcomingBikes@7b2bbc3</td></tr>
</table><p>
</body>
</html>