<?xml version="1.0" encoding="UTF-8"?>
<testng-results ignored="0" total="14" passed="13" failed="1" skipped="0">
  <reporter-output>
  </reporter-output>
  <suite started-at="2024-03-01T14:45:27 IST" name="Suite" finished-at="2024-03-01T14:47:22 IST" duration-ms="114636">
    <groups>
      <group name="regression">
        <method signature="TC_2_LoginPage.redirectToLoginPage()[pri:2, instance:TestCases.TC_2_LoginPage@76505305]" name="redirectToLoginPage" class="TestCases.TC_2_LoginPage"/>
        <method signature="TC_3_usedCars.popularModel()[pri:2, instance:TestCases.TC_3_usedCars@4218d6a3]" name="popularModel" class="TestCases.TC_3_usedCars"/>
        <method signature="TC_2_LoginPage.loginDetails()[pri:3, instance:TestCases.TC_2_LoginPage@76505305]" name="loginDetails" class="TestCases.TC_2_LoginPage"/>
        <method signature="TC_1_UpcomingBikes.ClickOnUpcomingBikes()[pri:4, instance:TestCases.TC_1_UpcomingBikes@7b2bbc3]" name="ClickOnUpcomingBikes" class="TestCases.TC_1_UpcomingBikes"/>
        <method signature="TC_2_LoginPage.errorMsg()[pri:4, instance:TestCases.TC_2_LoginPage@76505305]" name="errorMsg" class="TestCases.TC_2_LoginPage"/>
        <method signature="TC_1_UpcomingBikes.verifyUpcomingBikePageTitle()[pri:5, instance:TestCases.TC_1_UpcomingBikes@7b2bbc3]" name="verifyUpcomingBikePageTitle" class="TestCases.TC_1_UpcomingBikes"/>
        <method signature="TC_1_UpcomingBikes.clickOnManufacturers()[pri:6, instance:TestCases.TC_1_UpcomingBikes@7b2bbc3]" name="clickOnManufacturers" class="TestCases.TC_1_UpcomingBikes"/>
        <method signature="TC_1_UpcomingBikes.verifyHondaSelected()[pri:7, instance:TestCases.TC_1_UpcomingBikes@7b2bbc3]" name="verifyHondaSelected" class="TestCases.TC_1_UpcomingBikes"/>
        <method signature="TC_1_UpcomingBikes.bikesBelow4Lakhs()[pri:8, instance:TestCases.TC_1_UpcomingBikes@7b2bbc3]" name="bikesBelow4Lakhs" class="TestCases.TC_1_UpcomingBikes"/>
      </group> <!-- regression -->
      <group name="sanity">
        <method signature="TC_1_UpcomingBikes.verifyHomeTitle()[pri:1, instance:TestCases.TC_1_UpcomingBikes@7b2bbc3]" name="verifyHomeTitle" class="TestCases.TC_1_UpcomingBikes"/>
        <method signature="TC_2_LoginPage.loginPage()[pri:1, instance:TestCases.TC_2_LoginPage@76505305]" name="loginPage" class="TestCases.TC_2_LoginPage"/>
        <method signature="TC_3_usedCars.usedCars()[pri:1, instance:TestCases.TC_3_usedCars@4218d6a3]" name="usedCars" class="TestCases.TC_3_usedCars"/>
        <method signature="TC_1_UpcomingBikes.hoverOnNewBikes()[pri:2, instance:TestCases.TC_1_UpcomingBikes@7b2bbc3]" name="hoverOnNewBikes" class="TestCases.TC_1_UpcomingBikes"/>
        <method signature="TC_2_LoginPage.redirectToLoginPage()[pri:2, instance:TestCases.TC_2_LoginPage@76505305]" name="redirectToLoginPage" class="TestCases.TC_2_LoginPage"/>
        <method signature="TC_3_usedCars.popularModel()[pri:2, instance:TestCases.TC_3_usedCars@4218d6a3]" name="popularModel" class="TestCases.TC_3_usedCars"/>
        <method signature="TC_1_UpcomingBikes.verifyUpcomingBikeOption()[pri:3, instance:TestCases.TC_1_UpcomingBikes@7b2bbc3]" name="verifyUpcomingBikeOption" class="TestCases.TC_1_UpcomingBikes"/>
        <method signature="TC_2_LoginPage.loginDetails()[pri:3, instance:TestCases.TC_2_LoginPage@76505305]" name="loginDetails" class="TestCases.TC_2_LoginPage"/>
        <method signature="TC_1_UpcomingBikes.ClickOnUpcomingBikes()[pri:4, instance:TestCases.TC_1_UpcomingBikes@7b2bbc3]" name="ClickOnUpcomingBikes" class="TestCases.TC_1_UpcomingBikes"/>
        <method signature="TC_1_UpcomingBikes.verifyUpcomingBikePageTitle()[pri:5, instance:TestCases.TC_1_UpcomingBikes@7b2bbc3]" name="verifyUpcomingBikePageTitle" class="TestCases.TC_1_UpcomingBikes"/>
        <method signature="TC_1_UpcomingBikes.clickOnManufacturers()[pri:6, instance:TestCases.TC_1_UpcomingBikes@7b2bbc3]" name="clickOnManufacturers" class="TestCases.TC_1_UpcomingBikes"/>
        <method signature="TC_1_UpcomingBikes.verifyHondaSelected()[pri:7, instance:TestCases.TC_1_UpcomingBikes@7b2bbc3]" name="verifyHondaSelected" class="TestCases.TC_1_UpcomingBikes"/>
      </group> <!-- sanity -->
      <group name="master">
        <method signature="TC_1_UpcomingBikes.verifyHomeTitle()[pri:1, instance:TestCases.TC_1_UpcomingBikes@7b2bbc3]" name="verifyHomeTitle" class="TestCases.TC_1_UpcomingBikes"/>
        <method signature="TC_2_LoginPage.loginPage()[pri:1, instance:TestCases.TC_2_LoginPage@76505305]" name="loginPage" class="TestCases.TC_2_LoginPage"/>
        <method signature="TC_3_usedCars.usedCars()[pri:1, instance:TestCases.TC_3_usedCars@4218d6a3]" name="usedCars" class="TestCases.TC_3_usedCars"/>
        <method signature="TC_1_UpcomingBikes.hoverOnNewBikes()[pri:2, instance:TestCases.TC_1_UpcomingBikes@7b2bbc3]" name="hoverOnNewBikes" class="TestCases.TC_1_UpcomingBikes"/>
        <method signature="TC_2_LoginPage.redirectToLoginPage()[pri:2, instance:TestCases.TC_2_LoginPage@76505305]" name="redirectToLoginPage" class="TestCases.TC_2_LoginPage"/>
        <method signature="TC_3_usedCars.popularModel()[pri:2, instance:TestCases.TC_3_usedCars@4218d6a3]" name="popularModel" class="TestCases.TC_3_usedCars"/>
        <method signature="TC_1_UpcomingBikes.verifyUpcomingBikeOption()[pri:3, instance:TestCases.TC_1_UpcomingBikes@7b2bbc3]" name="verifyUpcomingBikeOption" class="TestCases.TC_1_UpcomingBikes"/>
        <method signature="TC_2_LoginPage.loginDetails()[pri:3, instance:TestCases.TC_2_LoginPage@76505305]" name="loginDetails" class="TestCases.TC_2_LoginPage"/>
        <method signature="TC_1_UpcomingBikes.ClickOnUpcomingBikes()[pri:4, instance:TestCases.TC_1_UpcomingBikes@7b2bbc3]" name="ClickOnUpcomingBikes" class="TestCases.TC_1_UpcomingBikes"/>
        <method signature="TC_2_LoginPage.errorMsg()[pri:4, instance:TestCases.TC_2_LoginPage@76505305]" name="errorMsg" class="TestCases.TC_2_LoginPage"/>
        <method signature="TC_1_UpcomingBikes.verifyUpcomingBikePageTitle()[pri:5, instance:TestCases.TC_1_UpcomingBikes@7b2bbc3]" name="verifyUpcomingBikePageTitle" class="TestCases.TC_1_UpcomingBikes"/>
        <method signature="TC_1_UpcomingBikes.clickOnManufacturers()[pri:6, instance:TestCases.TC_1_UpcomingBikes@7b2bbc3]" name="clickOnManufacturers" class="TestCases.TC_1_UpcomingBikes"/>
        <method signature="TC_1_UpcomingBikes.verifyHondaSelected()[pri:7, instance:TestCases.TC_1_UpcomingBikes@7b2bbc3]" name="verifyHondaSelected" class="TestCases.TC_1_UpcomingBikes"/>
        <method signature="TC_1_UpcomingBikes.bikesBelow4Lakhs()[pri:8, instance:TestCases.TC_1_UpcomingBikes@7b2bbc3]" name="bikesBelow4Lakhs" class="TestCases.TC_1_UpcomingBikes"/>
      </group> <!-- master -->
    </groups>
    <test started-at="2024-03-01T14:45:27 IST" name="Test" finished-at="2024-03-01T14:47:22 IST" duration-ms="114636">
      <class name="TestCases.TC_3_usedCars">
        <test-method is-config="true" signature="driverSetup(java.lang.String,java.lang.String)[pri:0, instance:TestCases.TC_3_usedCars@4218d6a3]" started-at="2024-03-01T14:46:20 IST" name="driverSetup" finished-at="2024-03-01T14:46:39 IST" duration-ms="18934" status="PASS">
          <params>
            <param index="0">
              <value>
                <![CDATA[windows]]>
              </value>
            </param>
            <param index="1">
              <value>
                <![CDATA[chrome]]>
              </value>
            </param>
          </params>
          <reporter-output>
          </reporter-output>
        </test-method> <!-- driverSetup -->
        <test-method signature="usedCars()[pri:1, instance:TestCases.TC_3_usedCars@4218d6a3]" started-at="2024-03-01T14:46:39 IST" name="usedCars" finished-at="2024-03-01T14:46:46 IST" duration-ms="6735" status="PASS">
          <reporter-output>
          </reporter-output>
        </test-method> <!-- usedCars -->
        <test-method signature="popularModel()[pri:2, instance:TestCases.TC_3_usedCars@4218d6a3]" started-at="2024-03-01T14:46:46 IST" name="popularModel" finished-at="2024-03-01T14:46:48 IST" duration-ms="1837" status="PASS">
          <reporter-output>
          </reporter-output>
        </test-method> <!-- popularModel -->
        <test-method is-config="true" signature="close()[pri:0, instance:TestCases.TC_3_usedCars@4218d6a3]" started-at="2024-03-01T14:46:48 IST" name="close" finished-at="2024-03-01T14:46:50 IST" duration-ms="1573" status="PASS">
          <reporter-output>
          </reporter-output>
        </test-method> <!-- close -->
      </class> <!-- TestCases.TC_3_usedCars -->
      <class name="TestCases.TC_2_LoginPage">
        <test-method is-config="true" signature="driverSetup(java.lang.String,java.lang.String)[pri:0, instance:TestCases.TC_2_LoginPage@76505305]" started-at="2024-03-01T14:46:50 IST" name="driverSetup" finished-at="2024-03-01T14:47:09 IST" duration-ms="19333" status="PASS">
          <params>
            <param index="0">
              <value>
                <![CDATA[windows]]>
              </value>
            </param>
            <param index="1">
              <value>
                <![CDATA[chrome]]>
              </value>
            </param>
          </params>
          <reporter-output>
          </reporter-output>
        </test-method> <!-- driverSetup -->
        <test-method signature="loginPage()[pri:1, instance:TestCases.TC_2_LoginPage@76505305]" started-at="2024-03-01T14:47:09 IST" name="loginPage" finished-at="2024-03-01T14:47:12 IST" duration-ms="3153" status="PASS">
          <reporter-output>
          </reporter-output>
        </test-method> <!-- loginPage -->
        <test-method signature="redirectToLoginPage()[pri:2, instance:TestCases.TC_2_LoginPage@76505305]" started-at="2024-03-01T14:47:13 IST" name="redirectToLoginPage" finished-at="2024-03-01T14:47:13 IST" duration-ms="223" status="PASS">
          <reporter-output>
          </reporter-output>
        </test-method> <!-- redirectToLoginPage -->
        <test-method signature="loginDetails()[pri:3, instance:TestCases.TC_2_LoginPage@76505305]" started-at="2024-03-01T14:47:18 IST" name="loginDetails" finished-at="2024-03-01T14:47:19 IST" duration-ms="1685" status="PASS">
          <reporter-output>
          </reporter-output>
        </test-method> <!-- loginDetails -->
        <test-method signature="errorMsg()[pri:4, instance:TestCases.TC_2_LoginPage@76505305]" started-at="2024-03-01T14:47:19 IST" name="errorMsg" finished-at="2024-03-01T14:47:20 IST" duration-ms="241" status="PASS">
          <reporter-output>
          </reporter-output>
        </test-method> <!-- errorMsg -->
        <test-method is-config="true" signature="close()[pri:0, instance:TestCases.TC_2_LoginPage@76505305]" started-at="2024-03-01T14:47:20 IST" name="close" finished-at="2024-03-01T14:47:22 IST" duration-ms="2031" status="PASS">
          <reporter-output>
          </reporter-output>
        </test-method> <!-- close -->
      </class> <!-- TestCases.TC_2_LoginPage -->
      <class name="TestCases.TC_1_UpcomingBikes">
        <test-method is-config="true" signature="driverSetup(java.lang.String,java.lang.String)[pri:0, instance:TestCases.TC_1_UpcomingBikes@7b2bbc3]" started-at="2024-03-01T14:45:28 IST" name="driverSetup" finished-at="2024-03-01T14:45:52 IST" duration-ms="24076" status="PASS">
          <params>
            <param index="0">
              <value>
                <![CDATA[windows]]>
              </value>
            </param>
            <param index="1">
              <value>
                <![CDATA[chrome]]>
              </value>
            </param>
          </params>
          <reporter-output>
          </reporter-output>
        </test-method> <!-- driverSetup -->
        <test-method signature="verifyHomeTitle()[pri:1, instance:TestCases.TC_1_UpcomingBikes@7b2bbc3]" started-at="2024-03-01T14:45:52 IST" name="verifyHomeTitle" finished-at="2024-03-01T14:45:53 IST" duration-ms="889" status="PASS">
          <reporter-output>
          </reporter-output>
        </test-method> <!-- verifyHomeTitle -->
        <test-method signature="hoverOnNewBikes()[pri:2, instance:TestCases.TC_1_UpcomingBikes@7b2bbc3]" started-at="2024-03-01T14:45:54 IST" name="hoverOnNewBikes" finished-at="2024-03-01T14:45:54 IST" duration-ms="399" status="PASS">
          <reporter-output>
          </reporter-output>
        </test-method> <!-- hoverOnNewBikes -->
        <test-method signature="verifyUpcomingBikeOption()[pri:3, instance:TestCases.TC_1_UpcomingBikes@7b2bbc3]" started-at="2024-03-01T14:45:55 IST" name="verifyUpcomingBikeOption" finished-at="2024-03-01T14:45:55 IST" duration-ms="376" status="PASS">
          <reporter-output>
          </reporter-output>
        </test-method> <!-- verifyUpcomingBikeOption -->
        <test-method signature="ClickOnUpcomingBikes()[pri:4, instance:TestCases.TC_1_UpcomingBikes@7b2bbc3]" started-at="2024-03-01T14:45:57 IST" name="ClickOnUpcomingBikes" finished-at="2024-03-01T14:45:59 IST" duration-ms="1928" status="PASS">
          <reporter-output>
          </reporter-output>
        </test-method> <!-- ClickOnUpcomingBikes -->
        <test-method signature="verifyUpcomingBikePageTitle()[pri:5, instance:TestCases.TC_1_UpcomingBikes@7b2bbc3]" started-at="2024-03-01T14:45:59 IST" name="verifyUpcomingBikePageTitle" finished-at="2024-03-01T14:46:00 IST" duration-ms="467" status="PASS">
          <reporter-output>
          </reporter-output>
        </test-method> <!-- verifyUpcomingBikePageTitle -->
        <test-method signature="clickOnManufacturers()[pri:6, instance:TestCases.TC_1_UpcomingBikes@7b2bbc3]" started-at="2024-03-01T14:46:00 IST" name="clickOnManufacturers" finished-at="2024-03-01T14:46:04 IST" duration-ms="3617" status="PASS">
          <reporter-output>
          </reporter-output>
        </test-method> <!-- clickOnManufacturers -->
        <test-method signature="verifyHondaSelected()[pri:7, instance:TestCases.TC_1_UpcomingBikes@7b2bbc3]" started-at="2024-03-01T14:46:04 IST" name="verifyHondaSelected" finished-at="2024-03-01T14:46:06 IST" duration-ms="1792" status="FAIL">
          <exception class="java.lang.AssertionError">
            <message>
              <![CDATA[expected [Honda Upcoming Bikes in India in India 2024-25, Check Price, Launch Date, Specs @ ZigWheels] but found [Honda Upcoming Bikes in India - Check Price, Launch Date, Images and Latest News]]]>
            </message>
            <full-stacktrace>
              <![CDATA[java.lang.AssertionError: expected [Honda Upcoming Bikes in India in India 2024-25, Check Price, Launch Date, Specs @ ZigWheels] but found [Honda Upcoming Bikes in India - Check Price, Launch Date, Images and Latest News]
at org.testng.Assert.fail(Assert.java:111)
at org.testng.Assert.failNotEquals(Assert.java:1578)
at org.testng.Assert.assertEqualsImpl(Assert.java:150)
at org.testng.Assert.assertEquals(Assert.java:132)
at org.testng.Assert.assertEquals(Assert.java:656)
at org.testng.Assert.assertEquals(Assert.java:666)
at TestCases.TC_1_UpcomingBikes.verifyHondaSelected(TC_1_UpcomingBikes.java:92)
at java.base/jdk.internal.reflect.NativeMethodAccessorImpl.invoke0(Native Method)
at java.base/jdk.internal.reflect.NativeMethodAccessorImpl.invoke(NativeMethodAccessorImpl.java:77)
at java.base/jdk.internal.reflect.DelegatingMethodAccessorImpl.invoke(DelegatingMethodAccessorImpl.java:43)
at java.base/java.lang.reflect.Method.invoke(Method.java:568)
at org.testng.internal.invokers.MethodInvocationHelper.invokeMethod(MethodInvocationHelper.java:139)
at org.testng.internal.invokers.TestInvoker.invokeMethod(TestInvoker.java:664)
at org.testng.internal.invokers.TestInvoker.invokeTestMethod(TestInvoker.java:228)
at org.testng.internal.invokers.MethodRunner.runInSequence(MethodRunner.java:63)
at org.testng.internal.invokers.TestInvoker$MethodInvocationAgent.invoke(TestInvoker.java:961)
at org.testng.internal.invokers.TestInvoker.invokeTestMethods(TestInvoker.java:201)
at org.testng.internal.invokers.TestMethodWorker.invokeTestMethods(TestMethodWorker.java:148)
at org.testng.internal.invokers.TestMethodWorker.run(TestMethodWorker.java:128)
at java.base/java.util.ArrayList.forEach(ArrayList.java:1511)
at org.testng.TestRunner.privateRun(TestRunner.java:819)
at org.testng.TestRunner.run(TestRunner.java:619)
at org.testng.SuiteRunner.runTest(SuiteRunner.java:443)
at org.testng.SuiteRunner.runSequentially(SuiteRunner.java:437)
at org.testng.SuiteRunner.privateRun(SuiteRunner.java:397)
at org.testng.SuiteRunner.run(SuiteRunner.java:336)
at org.testng.SuiteRunnerWorker.runSuite(SuiteRunnerWorker.java:52)
at org.testng.SuiteRunnerWorker.run(SuiteRunnerWorker.java:95)
at org.testng.TestNG.runSuitesSequentially(TestNG.java:1301)
at org.testng.TestNG.runSuitesLocally(TestNG.java:1228)
at org.testng.TestNG.runSuites(TestNG.java:1134)
at org.testng.TestNG.run(TestNG.java:1101)
at org.apache.maven.surefire.testng.TestNGExecutor.run(TestNGExecutor.java:308)
at org.apache.maven.surefire.testng.TestNGXmlTestSuite.execute(TestNGXmlTestSuite.java:71)
at org.apache.maven.surefire.testng.TestNGProvider.invoke(TestNGProvider.java:113)
at org.apache.maven.surefire.booter.ForkedBooter.runSuitesInProcess(ForkedBooter.java:385)
at org.apache.maven.surefire.booter.ForkedBooter.execute(ForkedBooter.java:162)
at org.apache.maven.surefire.booter.ForkedBooter.run(ForkedBooter.java:507)
at org.apache.maven.surefire.booter.ForkedBooter.main(ForkedBooter.java:495)
]]>
            </full-stacktrace>
          </exception> <!-- java.lang.AssertionError -->
          <reporter-output>
          </reporter-output>
        </test-method> <!-- verifyHondaSelected -->
        <test-method signature="bikesBelow4Lakhs()[pri:8, instance:TestCases.TC_1_UpcomingBikes@7b2bbc3]" started-at="2024-03-01T14:46:06 IST" name="bikesBelow4Lakhs" finished-at="2024-03-01T14:46:18 IST" duration-ms="11427" status="PASS">
          <reporter-output>
          </reporter-output>
        </test-method> <!-- bikesBelow4Lakhs -->
        <test-method is-config="true" signature="close()[pri:0, instance:TestCases.TC_1_UpcomingBikes@7b2bbc3]" started-at="2024-03-01T14:46:18 IST" name="close" finished-at="2024-03-01T14:46:20 IST" duration-ms="1626" status="PASS">
          <reporter-output>
          </reporter-output>
        </test-method> <!-- close -->
      </class> <!-- TestCases.TC_1_UpcomingBikes -->
    </test> <!-- Test -->
  </suite> <!-- Suite -->
</testng-results>
