<?xml version="1.0" encoding="UTF-8"?>
<!-- Generated by org.testng.reporters.JUnitReportReporter -->
<testsuite hostname="LTIN215773" failures="1" tests="8" name="TestCases.TC_1_UpcomingBikes" time="20.895" errors="0" timestamp="2024-03-01T14:47:35 IST" skipped="0">
  <testcase classname="TestCases.TC_1_UpcomingBikes" name="verifyHomeTitle" time="0.889"/>
  <testcase classname="TestCases.TC_1_UpcomingBikes" name="hoverOnNewBikes" time="0.399"/>
  <testcase classname="TestCases.TC_1_UpcomingBikes" name="verifyUpcomingBikeOption" time="0.376"/>
  <testcase classname="TestCases.TC_1_UpcomingBikes" name="ClickOnUpcomingBikes" time="1.928"/>
  <testcase classname="TestCases.TC_1_UpcomingBikes" name="verifyUpcomingBikePageTitle" time="0.467"/>
  <testcase classname="TestCases.TC_1_UpcomingBikes" name="clickOnManufacturers" time="3.617"/>
  <testcase classname="TestCases.TC_1_UpcomingBikes" name="verifyHondaSelected" time="1.792">
    <failure message="expected [Honda Upcoming Bikes in India in India 2024-25, Check Price, Launch Date, Specs @ ZigWheels] but found [Honda Upcoming Bikes in India - Check Price, Launch Date, Images and Latest News]" type="java.lang.AssertionError">
      <![CDATA[java.lang.AssertionError: expected [Honda Upcoming Bikes in India in India 2024-25, Check Price, Launch Date, Specs @ ZigWheels] but found [Honda Upcoming Bikes in India - Check Price, Launch Date, Images and Latest News]
at org.testng.Assert.fail(Assert.java:111)
at org.testng.Assert.failNotEquals(Assert.java:1578)
at org.testng.Assert.assertEqualsImpl(Assert.java:150)
at org.testng.Assert.assertEquals(Assert.java:132)
at org.testng.Assert.assertEquals(Assert.java:656)
at org.testng.Assert.assertEquals(Assert.java:666)
at TestCases.TC_1_UpcomingBikes.verifyHondaSelected(TC_1_UpcomingBikes.java:92)
at java.base/jdk.internal.reflect.NativeMethodAccessorImpl.invoke0(Native Method)
at java.base/jdk.internal.reflect.NativeMethodAccessorImpl.invoke(NativeMethodAccessorImpl.java:77)
at java.base/jdk.internal.reflect.DelegatingMethodAccessorImpl.invoke(DelegatingMethodAccessorImpl.java:43)
at java.base/java.lang.reflect.Method.invoke(Method.java:568)
at org.testng.internal.invokers.MethodInvocationHelper.invokeMethod(MethodInvocationHelper.java:139)
at org.testng.internal.invokers.TestInvoker.invokeMethod(TestInvoker.java:664)
at org.testng.internal.invokers.TestInvoker.invokeTestMethod(TestInvoker.java:228)
at org.testng.internal.invokers.MethodRunner.runInSequence(MethodRunner.java:63)
at org.testng.internal.invokers.TestInvoker$MethodInvocationAgent.invoke(TestInvoker.java:961)
at org.testng.internal.invokers.TestInvoker.invokeTestMethods(TestInvoker.java:201)
at org.testng.internal.invokers.TestMethodWorker.invokeTestMethods(TestMethodWorker.java:148)
at org.testng.internal.invokers.TestMethodWorker.run(TestMethodWorker.java:128)
at java.base/java.util.ArrayList.forEach(ArrayList.java:1511)
at org.testng.TestRunner.privateRun(TestRunner.java:819)
at org.testng.TestRunner.run(TestRunner.java:619)
at org.testng.SuiteRunner.runTest(SuiteRunner.java:443)
at org.testng.SuiteRunner.runSequentially(SuiteRunner.java:437)
at org.testng.SuiteRunner.privateRun(SuiteRunner.java:397)
at org.testng.SuiteRunner.run(SuiteRunner.java:336)
at org.testng.SuiteRunnerWorker.runSuite(SuiteRunnerWorker.java:52)
at org.testng.SuiteRunnerWorker.run(SuiteRunnerWorker.java:95)
at org.testng.TestNG.runSuitesSequentially(TestNG.java:1301)
at org.testng.TestNG.runSuitesLocally(TestNG.java:1228)
at org.testng.TestNG.runSuites(TestNG.java:1134)
at org.testng.TestNG.run(TestNG.java:1101)
at org.apache.maven.surefire.testng.TestNGExecutor.run(TestNGExecutor.java:308)
at org.apache.maven.surefire.testng.TestNGXmlTestSuite.execute(TestNGXmlTestSuite.java:71)
at org.apache.maven.surefire.testng.TestNGProvider.invoke(TestNGProvider.java:113)
at org.apache.maven.surefire.booter.ForkedBooter.runSuitesInProcess(ForkedBooter.java:385)
at org.apache.maven.surefire.booter.ForkedBooter.execute(ForkedBooter.java:162)
at org.apache.maven.surefire.booter.ForkedBooter.run(ForkedBooter.java:507)
at org.apache.maven.surefire.booter.ForkedBooter.main(ForkedBooter.java:495)
]]>
    </failure>
  </testcase> <!-- verifyHondaSelected -->
  <testcase classname="TestCases.TC_1_UpcomingBikes" name="bikesBelow4Lakhs" time="11.427"/>
</testsuite> <!-- TestCases.TC_1_UpcomingBikes -->
